[2016-01-19 12:03:36] START
[2016-01-19 12:03:36] CREATE database.py: 0
[2016-01-19 12:04:04] EDIT SlugHero/models/database.py: 94
[2016-01-19 12:06:51] CREATE database_query.py: 0
[2016-01-19 12:13:43] EDIT SlugHero/controllers/database_query.py: 9
[2016-01-19 12:14:06] CREATE database.py: 0
[2016-01-19 12:15:56] DELETE SlugHero/views/database.py: 0
[2016-01-19 12:17:23] CREATE database_query/register_dept.html: 0
[2016-01-19 12:20:01] EDIT SlugHero/views/database_query/register_dept.html: 2
[2016-01-19 12:31:25] EDIT SlugHero/models/db.py: 94
[2016-01-19 12:32:33] EDIT SlugHero/controllers/database_query.py: 0
[2016-01-19 12:55:40] EDIT SlugHero/controllers/default.py: -6
[2016-01-19 13:00:43] EDIT SlugHero/views/default/index.html: -42
[2016-01-19 13:01:27] EDIT SlugHero/views/default/index.html: 0
[2016-01-19 13:15:10] EDIT SlugHero/controllers/default.py: 9
[2016-01-19 13:15:24] DELETE SlugHero/views/database_query/register_dept.html: -5
[2016-01-19 13:15:51] CREATE default/show.html: 0
[2016-01-19 13:21:11] EDIT SlugHero/controllers/default.py: 1
[2016-01-19 13:24:17] EDIT SlugHero/views/default/show.html: 10
[2016-01-19 13:26:30] EDIT SlugHero/controllers/default.py: 0
[2016-01-19 13:27:54] EDIT SlugHero/controllers/default.py: -2
[2016-01-19 13:28:56] EDIT SlugHero/controllers/default.py: 0
[2016-01-19 13:34:07] EDIT SlugHero/controllers/default.py: 0
[2016-01-19 13:35:22] EDIT SlugHero/views/default/show.html: 0
[2016-01-19 13:35:46] EDIT SlugHero/views/default/show.html: 0
[2016-01-19 13:36:28] EDIT SlugHero/views/default/show.html: 0
[2016-01-19 14:08:22] EDIT SlugHero/views/default/show.html: -6
[2016-01-19 14:08:50] EDIT SlugHero/views/default/show.html: 0
[2016-01-19 14:09:29] EDIT SlugHero/views/default/show.html: 0
[2016-01-19 14:09:39] EDIT SlugHero/views/default/show.html: 0
[2016-01-19 14:10:35] EDIT SlugHero/views/default/show.html: 2
[2016-01-19 14:14:12] EDIT SlugHero/views/default/show.html: -1
[2016-01-19 14:14:59] EDIT SlugHero/views/default/show.html: 0
[2016-01-19 14:59:45] EDIT SlugHero/controllers/default.py: 1
[2016-01-19 15:01:12] EDIT SlugHero/views/default/show.html: 3
[2016-01-19 15:01:50] EDIT SlugHero/controllers/default.py: 0
[2016-01-19 15:02:42] EDIT SlugHero/controllers/default.py: -1
[2016-01-19 15:24:01] EDIT SlugHero/models/db.py: 1
[2016-01-19 15:26:27] EDIT SlugHero/views/default/index.html: 4
[2016-01-19 15:27:07] EDIT SlugHero/controllers/default.py: 1
[2016-01-21 11:11:14] DELETE SlugHero/models/database.py: -94
[2016-01-21 11:11:21] DELETE SlugHero/controllers/database_query.py: -10
[2016-01-21 11:14:53] EDIT SlugHero/controllers/default.py: 2
[2016-01-21 11:16:51] EDIT SlugHero/views/default/index.html: 0
[2016-01-21 11:32:41] EDIT SlugHero/views/default/show.html: 0
[2016-01-21 11:36:56] EDIT SlugHero/controllers/default.py: 8
[2016-01-21 11:37:11] EDIT SlugHero/controllers/default.py: 0
[2016-01-21 11:37:48] EDIT SlugHero/controllers/default.py: 0
[2016-01-21 11:38:08] CREATE default/showClass.html: 0
[2016-01-21 11:40:15] EDIT SlugHero/views/default/showClass.html: 8
[2016-01-21 11:40:31] EDIT SlugHero/views/default/show.html: 0
[2016-01-21 11:40:33] EDIT SlugHero/views/default/showClass.html: 0
[2016-01-21 11:40:59] EDIT SlugHero/views/default/showClass.html: 0
[2016-01-21 11:41:07] EDIT SlugHero/views/default/showClass.html: 0
[2016-01-21 12:14:45] EDIT SlugHero/models/db.py: 0
[2016-01-21 12:15:20] EDIT SlugHero/models/db.py: 0
[2016-01-21 12:17:22] EDIT SlugHero/models/db.py: -1
[2016-01-21 13:10:14] EDIT SlugHero/views/default/showClass.html: 1
[2016-01-21 13:10:54] EDIT SlugHero/views/default/showClass.html: 0
[2016-01-21 13:11:34] EDIT SlugHero/views/default/showClass.html: 0
[2016-01-21 13:11:43] EDIT SlugHero/views/default/show.html: 1
[2016-01-21 13:12:07] EDIT SlugHero/views/default/showClass.html: 0
[2016-01-21 13:12:09] EDIT SlugHero/views/default/show.html: 0
[2016-01-21 13:15:37] EDIT SlugHero/models/db.py: 0
[2016-01-21 13:16:52] EDIT SlugHero/models/db.py: 0
[2016-01-21 13:17:40] EDIT SlugHero/models/db.py: 0
[2016-01-21 13:20:06] EDIT SlugHero/views/default/showClass.html: -1
[2016-01-21 13:22:49] EDIT SlugHero/controllers/default.py: 4
[2016-01-21 13:23:10] CREATE default/addClass.html: 0
[2016-01-21 13:24:27] EDIT SlugHero/views/default/addClass.html: -1
[2016-01-21 13:32:09] EDIT SlugHero/views/default/addClass.html: 1
[2016-01-21 13:32:57] EDIT SlugHero/views/default/show.html: 0
[2016-01-21 13:35:01] EDIT SlugHero/views/default/showClass.html: 0
[2016-01-21 13:39:25] EDIT SlugHero/views/default/showClass.html: 1
[2016-01-21 13:40:55] EDIT SlugHero/views/default/showClass.html: -1
[2016-01-21 13:41:51] EDIT SlugHero/views/default/showClass.html: 1
[2016-01-21 13:42:09] EDIT SlugHero/views/default/showClass.html: 0
[2016-01-21 13:42:42] EDIT SlugHero/views/default/showClass.html: -1
[2016-01-21 13:43:43] EDIT SlugHero/views/default/showClass.html: 0
[2016-01-21 13:46:01] EDIT SlugHero/views/default/showClass.html: 0
[2016-01-21 13:47:23] EDIT SlugHero/views/default/showClass.html: 2
[2016-01-21 13:48:29] EDIT SlugHero/views/default/showClass.html: 0
[2016-01-21 13:50:03] EDIT SlugHero/views/default/showClass.html: 0
[2016-01-21 13:50:46] EDIT SlugHero/views/default/showClass.html: -2
[2016-01-21 13:53:13] EDIT SlugHero/controllers/default.py: 1
[2016-01-21 13:56:17] EDIT SlugHero/models/db.py: 0
[2016-01-21 13:57:16] EDIT SlugHero/views/default/showClass.html: 0
[2016-01-21 13:58:06] EDIT SlugHero/views/default/showClass.html: 0
[2016-01-21 14:04:21] EDIT SlugHero/controllers/default.py: 0
[2016-01-21 14:05:04] EDIT SlugHero/controllers/default.py: 0
[2016-01-21 14:05:51] EDIT SlugHero/controllers/default.py: 0
[2016-01-21 14:06:39] EDIT SlugHero/controllers/default.py: 0
[2016-01-21 14:08:05] EDIT SlugHero/controllers/default.py: 0
[2016-01-21 14:26:22] EDIT SlugHero/controllers/default.py: 1
[2016-01-21 14:27:01] EDIT SlugHero/controllers/default.py: 0
[2016-01-21 14:27:49] EDIT SlugHero/controllers/default.py: -1
[2016-01-21 14:29:39] EDIT SlugHero/views/default/showClass.html: 0
[2016-01-21 15:01:07] EDIT SlugHero/views/default/showClass.html: 0
[2016-01-21 15:02:28] EDIT SlugHero/views/default/showClass.html: 0
[2016-01-21 15:02:30] EDIT SlugHero/views/default/showClass.html: 0
[2016-01-21 15:07:07] EDIT SlugHero/views/default/showClass.html: 0
[2016-01-21 15:10:59] EDIT SlugHero/views/default/showClass.html: 1
[2016-01-21 15:12:12] EDIT SlugHero/views/default/showClass.html: 0
[2016-01-21 15:12:40] EDIT SlugHero/views/default/showClass.html: -1
[2016-01-21 15:13:02] EDIT SlugHero/views/default/showClass.html: 0
[2016-01-21 15:14:17] EDIT SlugHero/views/default/showClass.html: 1
[2016-01-21 15:14:55] EDIT SlugHero/views/default/showClass.html: 0
[2016-01-21 15:15:27] EDIT SlugHero/views/default/showClass.html: 0
[2016-01-21 15:17:10] EDIT SlugHero/views/default/showClass.html: 0
[2016-01-21 15:17:53] EDIT SlugHero/views/default/showClass.html: -1
[2016-01-21 15:19:07] EDIT SlugHero/views/default/show.html: 0
[2016-01-21 15:19:51] EDIT SlugHero/views/default/showClass.html: 0
[2016-01-21 15:26:03] EDIT SlugHero/views/default/showClass.html: 1
[2016-01-21 15:26:55] EDIT SlugHero/views/default/showClass.html: 0
[2016-01-21 15:27:22] EDIT SlugHero/views/default/showClass.html: 0
[2016-01-21 15:28:42] EDIT SlugHero/views/default/showClass.html: 0
[2016-01-21 15:32:41] EDIT SlugHero/views/default/showClass.html: 0
[2016-01-21 15:32:57] EDIT SlugHero/views/default/showClass.html: 1
[2016-01-21 15:34:01] EDIT SlugHero/views/default/showClass.html: 0
[2016-01-21 15:34:15] EDIT SlugHero/views/default/showClass.html: -1
[2016-01-21 15:37:23] EDIT SlugHero/controllers/default.py: 1
[2016-01-21 15:38:08] EDIT SlugHero/controllers/default.py: 0
[2016-01-21 15:38:16] EDIT SlugHero/controllers/default.py: -1
[2016-01-21 15:39:44] EDIT SlugHero/controllers/default.py: 0
[2016-01-21 15:40:37] EDIT SlugHero/controllers/default.py: 0
[2016-01-21 15:43:32] EDIT SlugHero/controllers/default.py: 0
[2016-01-21 15:44:00] EDIT SlugHero/controllers/default.py: 0
[2016-01-21 15:45:45] EDIT SlugHero/controllers/default.py: 0
[2016-01-21 15:46:26] EDIT SlugHero/views/default/showClass.html: 0
[2016-01-21 15:48:38] CREATE default/addCourse.html: 0
[2016-01-21 15:49:50] EDIT SlugHero/views/default/show.html: 3
[2016-01-21 15:50:06] EDIT SlugHero/views/default/show.html: -4
[2016-01-21 15:51:01] EDIT SlugHero/views/default/addCourse.html: 0
[2016-01-21 15:51:20] EDIT SlugHero/controllers/default.py: 7
[2016-01-21 15:52:00] EDIT SlugHero/controllers/default.py: -3
[2016-01-21 15:52:34] EDIT SlugHero/controllers/default.py: 0
[2016-01-21 15:55:01] EDIT SlugHero/views/default/addCourse.html: 0
[2016-01-21 15:57:12] EDIT SlugHero/controllers/default.py: 0
[2016-01-21 15:58:00] EDIT SlugHero/controllers/default.py: 0
[2016-01-21 16:03:09] EDIT SlugHero/controllers/default.py: 0
[2016-01-21 16:05:02] EDIT SlugHero/controllers/default.py: 0
[2016-01-21 16:05:26] EDIT SlugHero/views/default/index.html: 0
[2016-01-21 16:05:29] EDIT SlugHero/views/default/showClass.html: 0
[2016-01-21 16:05:31] EDIT SlugHero/views/default/addClass.html: 0
[2016-01-21 16:05:33] EDIT SlugHero/views/default/show.html: 0
[2016-01-21 16:06:58] EDIT SlugHero/views/default/show.html: 0
[2016-01-21 16:07:40] EDIT SlugHero/views/default/show.html: 0
[2016-01-21 16:08:02] EDIT SlugHero/views/default/show.html: 0
[2016-01-21 16:08:08] EDIT SlugHero/views/default/show.html: 0
[2016-01-21 16:10:13] EDIT SlugHero/controllers/default.py: 0
[2016-01-21 16:12:26] EDIT SlugHero/controllers/default.py: 2
[2016-01-21 16:31:01] EDIT SlugHero/models/db.py: 0
[2016-01-21 17:43:33] EDIT SlugHero/controllers/default.py: 0
[2016-01-21 17:47:41] EDIT SlugHero/models/db.py: 0
[2016-01-21 17:48:09] EDIT SlugHero/models/db.py: 0
[2016-01-21 17:54:16] EDIT SlugHero/models/db.py: 1
[2016-01-21 17:54:25] EDIT SlugHero/models/db.py: 0
[2016-01-21 17:55:18] EDIT SlugHero/models/db.py: 0
[2016-01-21 17:55:42] EDIT SlugHero/models/db.py: 0
[2016-01-21 18:15:19] EDIT SlugHero/models/db.py: 0
[2016-01-21 18:15:47] EDIT SlugHero/models/db.py: 0
[2016-01-21 18:16:42] EDIT SlugHero/models/db.py: 0
[2016-01-21 18:17:14] EDIT SlugHero/models/db.py: 0
[2016-01-21 18:18:19] EDIT SlugHero/models/db.py: 0
[2016-01-21 18:19:44] EDIT SlugHero/models/db.py: 0
[2016-01-21 18:19:59] EDIT SlugHero/models/db.py: 0
[2016-01-21 18:20:53] EDIT SlugHero/models/db.py: 1
[2016-01-21 18:21:41] EDIT SlugHero/models/db.py: 1
[2016-01-21 18:21:48] EDIT SlugHero/models/db.py: 0
[2016-01-21 18:24:10] EDIT SlugHero/models/db.py: -2
[2016-01-21 18:25:31] EDIT SlugHero/models/db.py: 0
[2016-01-21 18:25:53] EDIT SlugHero/models/db.py: 0
[2016-01-21 18:26:18] EDIT SlugHero/models/db.py: 0
[2016-01-21 18:26:54] EDIT SlugHero/models/db.py: 0
[2016-01-21 18:27:19] EDIT SlugHero/models/db.py: 0
[2016-01-21 18:27:45] EDIT SlugHero/models/db.py: 0
[2016-01-21 18:31:26] EDIT SlugHero/controllers/default.py: 0
[2016-01-21 18:32:50] EDIT SlugHero/views/default/addClass.html: 1
[2016-01-22 16:10:17] EDIT SlugHero/models/db.py: 1
[2016-01-22 16:10:25] EDIT SlugHero/models/db.py: 0
[2016-01-22 16:10:39] EDIT SlugHero/models/db.py: 0
[2016-01-22 16:10:50] EDIT SlugHero/models/db.py: 0
[2016-01-22 16:11:00] EDIT SlugHero/models/db.py: 0
[2016-01-22 16:11:15] EDIT SlugHero/models/db.py: 0
[2016-01-22 16:11:52] EDIT SlugHero/models/db.py: 0
[2016-01-22 16:12:33] EDIT SlugHero/models/db.py: 0
[2016-01-22 16:13:08] EDIT SlugHero/models/db.py: 0
[2016-01-22 16:13:51] EDIT SlugHero/models/db.py: 0
[2016-01-22 16:17:23] EDIT SlugHero/views/default/showClass.html: 0
[2016-01-22 16:20:08] EDIT SlugHero/models/db.py: -1
[2016-01-22 16:21:50] EDIT SlugHero/views/default/addClass.html: -1
[2016-01-22 16:23:38] EDIT SlugHero/views/default/addClass.html: 0
[2016-01-22 16:24:30] EDIT SlugHero/views/default/addClass.html: 0
[2016-01-22 16:27:25] EDIT SlugHero/views/default/addClass.html: 0
[2016-01-22 16:28:10] EDIT SlugHero/controllers/default.py: 0
[2016-01-22 16:28:27] EDIT SlugHero/views/default/addClass.html: 0
[2016-01-22 16:30:39] EDIT SlugHero/models/db.py: 0
[2016-01-22 16:31:14] EDIT SlugHero/controllers/default.py: 0
[2016-01-22 16:31:36] EDIT SlugHero/controllers/default.py: 0
[2016-01-22 16:32:25] EDIT SlugHero/controllers/default.py: 0
[2016-01-22 16:34:18] EDIT SlugHero/controllers/default.py: 0
[2016-01-22 16:35:05] EDIT SlugHero/models/db.py: 0
[2016-01-22 16:36:25] EDIT SlugHero/controllers/default.py: 1
[2016-01-22 16:37:03] EDIT SlugHero/controllers/default.py: 0
[2016-01-22 16:37:27] EDIT SlugHero/controllers/default.py: 0
[2016-01-22 16:43:38] EDIT SlugHero/controllers/default.py: 1
[2016-01-22 16:46:12] EDIT SlugHero/controllers/default.py: 0
[2016-01-22 16:46:22] EDIT SlugHero/controllers/default.py: 0
[2016-01-22 16:51:22] EDIT SlugHero/controllers/default.py: 0
[2016-01-22 16:54:10] EDIT SlugHero/controllers/default.py: 0
[2016-01-22 16:57:12] EDIT SlugHero/controllers/default.py: 2
[2016-01-22 16:57:20] EDIT SlugHero/controllers/default.py: 0
[2016-01-22 17:00:49] EDIT SlugHero/controllers/default.py: 0
[2016-01-22 17:05:37] EDIT SlugHero/controllers/default.py: 1
[2016-01-22 17:06:21] EDIT SlugHero/controllers/default.py: 0
[2016-01-22 17:07:18] EDIT SlugHero/controllers/default.py: 0
[2016-01-22 17:08:35] EDIT SlugHero/controllers/default.py: 0
[2016-01-22 17:09:33] EDIT SlugHero/controllers/default.py: 0
[2016-01-22 17:10:32] EDIT SlugHero/controllers/default.py: 0
[2016-01-22 17:12:40] EDIT SlugHero/controllers/default.py: 0
[2016-01-22 17:14:44] EDIT SlugHero/models/db.py: 0
[2016-01-22 17:43:56] EDIT SlugHero/models/db.py: 0
[2016-01-22 17:43:59] EDIT SlugHero/controllers/default.py: 0
[2016-01-22 17:44:01] EDIT SlugHero/views/default/addClass.html: 0
[2016-01-22 17:44:03] EDIT SlugHero/views/default/addClass.html: 0
[2016-01-22 17:44:06] EDIT SlugHero/views/default/show.html: 0
[2016-01-22 17:44:08] EDIT SlugHero/views/default/showClass.html: 0
[2016-01-25 14:03:55] EDIT SlugHero/views/default/showClass.html: 0
[2016-01-25 14:04:30] EDIT SlugHero/views/default/showClass.html: 0
[2016-01-25 14:04:41] EDIT SlugHero/views/default/showClass.html: 0
[2016-01-25 14:05:46] EDIT SlugHero/views/default/showClass.html: 0
[2016-01-25 14:06:22] EDIT SlugHero/views/default/showClass.html: 0
[2016-01-25 14:06:23] EDIT SlugHero/views/default/showClass.html: 0
[2016-01-25 14:06:43] EDIT SlugHero/views/default/showClass.html: 0
[2016-01-25 14:07:24] EDIT SlugHero/views/default/showClass.html: 0
[2016-01-25 14:07:42] EDIT SlugHero/views/default/showClass.html: 0
[2016-01-25 14:08:20] EDIT SlugHero/views/default/showClass.html: 0
[2016-01-25 14:08:36] EDIT SlugHero/views/default/showClass.html: 0
[2016-01-25 14:09:23] EDIT SlugHero/views/default/showClass.html: 1
[2016-01-25 14:09:27] EDIT SlugHero/views/default/showClass.html: 0
[2016-01-25 14:09:48] EDIT SlugHero/views/default/showClass.html: 0
[2016-01-25 14:13:13] EDIT SlugHero/models/db.py: 1
[2016-01-25 14:15:50] EDIT SlugHero/models/db.py: 1
[2016-01-25 14:16:52] EDIT SlugHero/controllers/default.py: 1
[2016-01-25 14:16:52] EDIT SlugHero/controllers/default.py: 0
[2016-01-25 14:17:10] EDIT SlugHero/models/db.py: -1
[2016-01-25 14:22:55] EDIT SlugHero/models/db.py: 1
[2016-01-25 14:23:12] EDIT SlugHero/models/db.py: 0
[2016-01-25 14:23:36] EDIT SlugHero/models/db.py: -1
[2016-01-25 14:23:43] EDIT SlugHero/controllers/default.py: -1
[2016-01-25 14:24:07] EDIT SlugHero/models/db.py: 0
[2016-01-25 14:30:26] EDIT SlugHero/models/db.py: -1
[2016-01-25 15:03:44] EDIT SlugHero/controllers/default.py: 0
[2016-01-25 15:04:33] EDIT SlugHero/models/db.py: 1
[2016-01-25 15:08:23] EDIT SlugHero/models/db.py: 0
[2016-01-25 15:09:05] EDIT SlugHero/models/db.py: -1
[2016-01-25 15:12:09] EDIT SlugHero/controllers/default.py: 4
[2016-01-25 15:13:23] EDIT SlugHero/controllers/default.py: 0
[2016-01-25 15:18:15] EDIT SlugHero/controllers/default.py: 1
[2016-01-25 15:18:36] EDIT SlugHero/controllers/default.py: 0
[2016-01-25 15:18:39] EDIT SlugHero/controllers/default.py: 0
[2016-01-25 15:24:37] EDIT SlugHero/controllers/default.py: 0
[2016-01-25 15:25:42] EDIT SlugHero/controllers/default.py: 0
[2016-01-25 15:27:44] EDIT SlugHero/controllers/default.py: 1
[2016-01-25 15:31:09] EDIT SlugHero/controllers/default.py: 0
[2016-01-25 15:31:47] EDIT SlugHero/controllers/default.py: 0
[2016-01-25 15:31:53] EDIT SlugHero/controllers/default.py: 0
[2016-01-25 15:37:35] EDIT SlugHero/controllers/default.py: 0
[2016-01-25 17:43:36] EDIT SlugHero/controllers/default.py: 0
[2016-01-25 17:43:56] EDIT SlugHero/controllers/default.py: 0
[2016-01-25 17:45:47] EDIT SlugHero/controllers/default.py: 0
[2016-01-25 17:46:20] EDIT SlugHero/controllers/default.py: 0
[2016-01-25 17:48:43] EDIT SlugHero/controllers/default.py: 0
[2016-01-25 17:52:14] EDIT SlugHero/controllers/default.py: 0
[2016-01-25 17:54:29] EDIT SlugHero/controllers/default.py: 4
[2016-01-25 17:55:18] EDIT SlugHero/controllers/default.py: 0
[2016-01-25 17:55:39] EDIT SlugHero/controllers/default.py: 0
[2016-01-25 17:56:28] EDIT SlugHero/controllers/default.py: 0
[2016-01-25 17:57:05] EDIT SlugHero/controllers/default.py: 0
[2016-01-25 17:57:53] EDIT SlugHero/controllers/default.py: 1
[2016-01-25 17:57:54] EDIT SlugHero/controllers/default.py: 0
[2016-01-25 17:58:48] EDIT SlugHero/controllers/default.py: -1
[2016-01-25 17:59:47] EDIT SlugHero/controllers/default.py: 0
[2016-01-25 18:00:52] EDIT SlugHero/controllers/default.py: 2
[2016-01-25 18:02:23] EDIT SlugHero/controllers/default.py: 0
[2016-01-25 18:04:32] EDIT SlugHero/controllers/default.py: 0
[2016-01-25 18:07:47] EDIT SlugHero/controllers/default.py: 0
[2016-01-25 18:09:02] EDIT SlugHero/controllers/default.py: 0
[2016-01-25 18:09:31] EDIT SlugHero/controllers/default.py: 0
[2016-01-25 18:12:19] EDIT SlugHero/controllers/default.py: 0
[2016-01-25 18:12:34] EDIT SlugHero/controllers/default.py: 0
[2016-01-25 18:14:00] EDIT SlugHero/controllers/default.py: 0
[2016-01-25 18:14:24] EDIT SlugHero/controllers/default.py: 0
[2016-01-25 18:21:15] EDIT SlugHero/controllers/default.py: 0
[2016-01-25 18:21:34] EDIT SlugHero/controllers/default.py: 0
[2016-01-25 18:22:16] EDIT SlugHero/controllers/default.py: 0
[2016-01-25 18:23:23] EDIT SlugHero/controllers/default.py: 1
[2016-01-25 18:23:59] EDIT SlugHero/controllers/default.py: -1
[2016-01-25 18:28:04] EDIT SlugHero/controllers/default.py: 1
[2016-01-25 18:28:56] EDIT SlugHero/controllers/default.py: -10
[2016-01-25 18:36:10] EDIT SlugHero/controllers/default.py: 1
[2016-01-25 18:36:14] EDIT SlugHero/controllers/default.py: 0
[2016-01-25 18:36:38] EDIT SlugHero/controllers/default.py: 0
[2016-01-25 18:39:17] EDIT SlugHero/controllers/default.py: 1
[2016-01-25 18:39:51] EDIT SlugHero/controllers/default.py: 1
[2016-01-25 18:41:53] EDIT SlugHero/views/default/showClass.html: 0
[2016-01-25 18:42:15] CREATE default/class.html: 0
[2016-01-25 18:42:43] EDIT SlugHero/controllers/default.py: 2
[2016-01-25 18:43:07] DELETE SlugHero/views/default/class.html: -3
[2016-01-25 18:43:21] CREATE default/term.html: 0
[2016-01-25 18:44:07] EDIT SlugHero/views/default/showClass.html: 0
[2016-01-25 18:46:38] EDIT SlugHero/controllers/default.py: 0
[2016-01-26 13:07:58] EDIT SlugHero/controllers/default.py: 1
[2016-01-26 13:08:08] EDIT SlugHero/views/default/term.html: -1
[2016-01-26 13:09:09] EDIT SlugHero/controllers/default.py: 1
[2016-01-26 13:09:15] EDIT SlugHero/views/default/term.html: 0
[2016-01-26 13:10:10] EDIT SlugHero/controllers/default.py: 0
[2016-01-26 13:10:27] EDIT SlugHero/controllers/default.py: 0
[2016-01-26 13:11:23] EDIT SlugHero/views/default/term.html: 0
[2016-01-26 13:12:46] EDIT SlugHero/views/default/term.html: 0
[2016-01-26 13:12:50] EDIT SlugHero/views/default/term.html: 0
[2016-01-26 13:13:06] EDIT SlugHero/views/default/term.html: 0
[2016-01-26 13:15:01] EDIT SlugHero/views/default/term.html: 0
[2016-01-26 13:15:13] EDIT SlugHero/views/default/term.html: 0
[2016-01-26 13:15:55] EDIT SlugHero/views/default/term.html: 0
[2016-01-26 13:16:12] EDIT SlugHero/views/default/term.html: 0
[2016-01-26 13:16:33] EDIT SlugHero/views/default/term.html: 0
[2016-01-26 13:17:19] EDIT SlugHero/views/default/term.html: 0
[2016-01-26 13:17:33] EDIT SlugHero/views/default/term.html: 0
[2016-01-26 13:17:52] EDIT SlugHero/views/default/term.html: 0
[2016-01-26 13:18:42] EDIT SlugHero/views/default/term.html: 2
[2016-01-26 13:18:51] EDIT SlugHero/views/default/term.html: 0
[2016-01-26 13:20:10] EDIT SlugHero/views/default/term.html: 3
[2016-01-26 13:20:17] EDIT SlugHero/views/default/term.html: 0
[2016-01-26 13:20:36] EDIT SlugHero/views/default/term.html: 0
[2016-01-26 13:21:41] EDIT SlugHero/views/default/term.html: 2
[2016-01-26 13:22:52] EDIT SlugHero/views/default/term.html: 0
[2016-01-26 13:23:25] EDIT SlugHero/views/default/term.html: 0
[2016-01-26 13:23:37] EDIT SlugHero/views/default/term.html: 0
[2016-01-26 13:23:53] EDIT SlugHero/views/default/term.html: 0
[2016-01-26 13:24:43] CREATE default/addProf.html: 0
[2016-01-26 13:24:58] CREATE default/showProf.html: 0
[2016-01-26 13:27:41] EDIT SlugHero/controllers/default.py: 5
[2016-01-26 13:28:25] EDIT SlugHero/controllers/default.py: 1
[2016-01-26 13:28:28] EDIT SlugHero/controllers/default.py: 0
[2016-01-26 13:28:57] EDIT SlugHero/views/default/showProf.html: -1
[2016-01-26 13:29:33] EDIT SlugHero/controllers/default.py: 0
[2016-01-26 13:29:55] EDIT SlugHero/views/default/showProf.html: 0
[2016-01-26 13:29:57] EDIT SlugHero/views/default/showProf.html: 0
[2016-01-26 13:31:08] EDIT SlugHero/views/default/showProf.html: 1
[2016-01-26 13:38:55] EDIT SlugHero/views/default/showProf.html: 5
[2016-01-26 13:39:20] EDIT SlugHero/views/default/showProf.html: 0
[2016-01-26 13:39:40] EDIT SlugHero/views/default/showProf.html: 0
[2016-01-26 13:39:45] EDIT SlugHero/views/default/showProf.html: 0
[2016-01-26 13:41:06] EDIT SlugHero/views/default/showProf.html: -4
[2016-01-26 13:41:30] EDIT SlugHero/controllers/default.py: 0
[2016-01-26 13:42:11] EDIT SlugHero/views/default/showProf.html: 1
[2016-01-26 13:42:15] EDIT SlugHero/views/default/showProf.html: 1
[2016-01-26 13:42:56] EDIT SlugHero/views/default/showProf.html: 0
[2016-01-26 13:43:07] EDIT SlugHero/views/default/showProf.html: 0
[2016-01-26 13:43:58] EDIT SlugHero/views/default/showProf.html: 0
[2016-01-26 13:44:05] EDIT SlugHero/views/default/showProf.html: 0
[2016-01-26 13:49:00] EDIT SlugHero/views/default/showProf.html: 0
[2016-01-26 13:49:10] EDIT SlugHero/models/db.py: 0
[2016-01-26 13:51:07] EDIT SlugHero/controllers/default.py: 0
[2016-01-26 13:51:30] EDIT SlugHero/views/default/showProf.html: 1
[2016-01-26 13:52:47] EDIT SlugHero/views/default/showProf.html: 1
[2016-01-26 13:56:01] EDIT SlugHero/controllers/default.py: 0
[2016-01-26 13:57:33] EDIT SlugHero/controllers/default.py: 0
[2016-01-26 13:57:36] EDIT SlugHero/controllers/default.py: 0
[2016-01-26 13:57:43] EDIT SlugHero/views/default/showProf.html: -2
[2016-01-26 13:57:54] EDIT SlugHero/views/default/showProf.html: 1
[2016-01-26 13:58:44] EDIT SlugHero/views/default/showProf.html: 1
[2016-01-26 13:58:55] EDIT SlugHero/views/default/showProf.html: 0
[2016-01-26 13:59:14] EDIT SlugHero/views/default/showProf.html: 1
[2016-01-26 13:59:48] EDIT SlugHero/views/default/showProf.html: -1
[2016-01-26 14:04:35] EDIT SlugHero/models/db.py: 0
[2016-01-26 14:06:11] EDIT SlugHero/controllers/default.py: 1
[2016-01-26 14:06:22] EDIT SlugHero/controllers/default.py: 0
[2016-01-26 14:07:06] EDIT SlugHero/views/default/term.html: 4
[2016-01-26 14:07:11] EDIT SlugHero/views/default/term.html: 1
[2016-01-26 14:07:48] EDIT SlugHero/views/default/term.html: 0
[2016-01-26 14:08:03] EDIT SlugHero/views/default/term.html: 0
[2016-01-26 14:08:16] EDIT SlugHero/views/default/term.html: 0
[2016-01-26 14:09:33] EDIT SlugHero/views/default/showProf.html: 0
[2016-01-26 14:09:56] EDIT SlugHero/views/default/showProf.html: 0
[2016-01-26 14:10:53] EDIT SlugHero/views/default/showProf.html: 0
[2016-01-26 14:11:17] EDIT SlugHero/views/default/showProf.html: 0
[2016-01-26 14:12:19] EDIT SlugHero/views/default/showProf.html: 0
[2016-01-26 14:12:21] EDIT SlugHero/views/default/showProf.html: 0
[2016-01-26 14:13:53] EDIT SlugHero/views/default/showProf.html: 0
[2016-01-26 14:14:18] EDIT SlugHero/views/default/showProf.html: 0
[2016-01-26 14:14:29] EDIT SlugHero/views/default/showProf.html: 0
[2016-01-26 14:14:56] EDIT SlugHero/views/default/showProf.html: 0
[2016-01-26 14:15:00] EDIT SlugHero/views/default/showProf.html: 0
[2016-01-26 14:18:25] EDIT SlugHero/controllers/default.py: 0
[2016-01-26 14:25:05] EDIT SlugHero/controllers/default.py: 3
[2016-01-26 14:26:10] EDIT SlugHero/controllers/default.py: 0
[2016-01-26 14:27:00] EDIT SlugHero/controllers/default.py: 1
[2016-01-26 14:27:08] EDIT SlugHero/controllers/default.py: 0
[2016-01-26 14:28:55] EDIT SlugHero/controllers/default.py: 4
[2016-01-26 14:29:27] EDIT SlugHero/controllers/default.py: 1
[2016-01-26 14:47:56] EDIT SlugHero/controllers/default.py: 0
[2016-01-26 14:48:03] EDIT SlugHero/controllers/default.py: 1
[2016-01-26 15:03:38] EDIT SlugHero/controllers/default.py: 3
[2016-01-26 15:04:03] EDIT SlugHero/controllers/default.py: 1
[2016-01-26 15:06:43] EDIT SlugHero/controllers/default.py: -1
[2016-01-26 15:06:49] EDIT SlugHero/controllers/default.py: 0
[2016-01-26 15:06:52] EDIT SlugHero/controllers/default.py: 0
[2016-01-26 15:07:27] EDIT SlugHero/controllers/default.py: 1
[2016-01-26 15:07:50] EDIT SlugHero/controllers/default.py: 2
[2016-01-26 15:08:18] EDIT SlugHero/controllers/default.py: 0
[2016-01-26 15:09:28] EDIT SlugHero/views/default/addProf.html: -1
[2016-01-26 15:12:14] EDIT SlugHero/controllers/default.py: 2
[2016-01-26 15:12:21] EDIT SlugHero/controllers/default.py: 0
[2016-01-26 15:13:16] EDIT SlugHero/views/default/addProf.html: 1
[2016-01-26 15:16:32] EDIT SlugHero/controllers/default.py: 1
[2016-01-26 15:17:01] EDIT SlugHero/controllers/default.py: 1
[2016-01-26 15:17:39] EDIT SlugHero/controllers/default.py: 0
[2016-01-26 15:20:51] EDIT SlugHero/controllers/default.py: 0
[2016-01-26 15:21:21] EDIT SlugHero/controllers/default.py: 0
[2016-01-26 15:21:38] EDIT SlugHero/controllers/default.py: 0
[2016-01-26 15:24:30] EDIT SlugHero/controllers/default.py: 0
[2016-01-26 15:25:17] EDIT SlugHero/controllers/default.py: -1
[2016-01-26 15:25:27] EDIT SlugHero/controllers/default.py: -2
[2016-01-26 15:27:37] EDIT SlugHero/controllers/default.py: 0
[2016-01-26 15:29:22] EDIT SlugHero/controllers/default.py: 0
[2016-01-26 15:44:08] EDIT SlugHero/controllers/default.py: 0
[2016-01-26 15:52:39] EDIT SlugHero/controllers/default.py: 3
[2016-01-26 15:53:00] EDIT SlugHero/controllers/default.py: 0
[2016-01-26 15:55:51] EDIT SlugHero/controllers/default.py: 1
[2016-01-26 15:56:57] EDIT SlugHero/controllers/default.py: 2
[2016-01-26 15:57:20] EDIT SlugHero/controllers/default.py: 2
[2016-01-26 15:58:37] EDIT SlugHero/controllers/default.py: 0
[2016-01-26 16:00:17] EDIT SlugHero/controllers/default.py: 0
[2016-01-26 16:01:24] EDIT SlugHero/views/default/addProf.html: 6
[2016-01-26 16:02:48] EDIT SlugHero/views/default/addProf.html: -6
[2016-01-26 16:06:59] EDIT SlugHero/controllers/default.py: 1
[2016-01-26 16:07:26] EDIT SlugHero/controllers/default.py: 0
[2016-01-26 16:07:37] EDIT SlugHero/views/default/addProf.html: 6
[2016-01-26 16:08:07] EDIT SlugHero/controllers/default.py: 0
[2016-01-26 16:09:51] EDIT SlugHero/controllers/default.py: 2
[2016-01-26 16:11:02] EDIT SlugHero/controllers/default.py: 0
[2016-01-26 16:11:22] EDIT SlugHero/controllers/default.py: 0
[2016-01-26 16:11:42] EDIT SlugHero/controllers/default.py: 0
[2016-01-26 16:12:22] EDIT SlugHero/controllers/default.py: 0
[2016-01-26 16:12:53] EDIT SlugHero/controllers/default.py: 0
[2016-01-26 16:13:14] EDIT SlugHero/controllers/default.py: 0
[2016-01-26 16:15:32] EDIT SlugHero/controllers/default.py: 0
[2016-01-26 16:15:37] EDIT SlugHero/controllers/default.py: 0
[2016-01-26 16:15:56] EDIT SlugHero/controllers/default.py: 0
[2016-01-26 16:17:25] EDIT SlugHero/controllers/default.py: 2
[2016-01-26 16:18:22] EDIT SlugHero/controllers/default.py: -1
[2016-01-26 16:18:46] EDIT SlugHero/controllers/default.py: 0
[2016-01-26 16:19:09] EDIT SlugHero/controllers/default.py: 0
[2016-01-26 16:19:30] EDIT SlugHero/views/default/addProf.html: -6
[2016-01-26 16:19:49] EDIT SlugHero/controllers/default.py: 0
[2016-01-26 16:20:13] EDIT SlugHero/controllers/default.py: 0
[2016-01-26 16:23:59] EDIT SlugHero/controllers/default.py: 1
[2016-01-26 16:24:45] EDIT SlugHero/controllers/default.py: 0
[2016-01-26 16:25:05] EDIT SlugHero/controllers/default.py: 0
[2016-01-26 16:25:23] EDIT SlugHero/controllers/default.py: 0
[2016-01-26 16:25:39] EDIT SlugHero/controllers/default.py: 0
[2016-01-26 16:26:07] EDIT SlugHero/controllers/default.py: 0
[2016-01-26 16:26:49] EDIT SlugHero/controllers/default.py: 0
[2016-01-26 16:27:35] EDIT SlugHero/controllers/default.py: 0
[2016-01-26 16:28:32] EDIT SlugHero/controllers/default.py: 0
[2016-01-26 16:29:06] EDIT SlugHero/controllers/default.py: 0
[2016-01-26 16:30:48] EDIT SlugHero/controllers/default.py: 0
[2016-01-26 16:31:45] EDIT SlugHero/controllers/default.py: 0
[2016-01-26 16:33:37] EDIT SlugHero/controllers/default.py: -1
[2016-01-26 16:34:36] EDIT SlugHero/controllers/default.py: 1
[2016-01-26 16:35:20] EDIT SlugHero/controllers/default.py: 0
[2016-01-26 16:35:40] EDIT SlugHero/controllers/default.py: 0
[2016-01-26 16:37:32] EDIT SlugHero/controllers/default.py: 0
[2016-01-26 16:40:02] EDIT SlugHero/controllers/default.py: 1
[2016-01-26 16:40:18] EDIT SlugHero/controllers/default.py: 1
[2016-01-26 16:41:08] EDIT SlugHero/controllers/default.py: 0
[2016-01-26 16:41:16] EDIT SlugHero/controllers/default.py: 0
[2016-01-26 16:41:44] EDIT SlugHero/controllers/default.py: -2
[2016-01-26 16:42:39] EDIT SlugHero/controllers/default.py: -4
[2016-01-26 16:42:49] EDIT SlugHero/controllers/default.py: -7
[2016-01-26 16:42:56] EDIT SlugHero/controllers/default.py: -1
