timestamp: 2016-03-07T11:18:14.767000
CREATE TABLE auth_user(
    id INTEGER PRIMARY KEY AUTOINCREMENT,
    first_name CHAR(128),
    last_name CHAR(128),
    email CHAR(512),
    password CHAR(512),
    registration_key CHAR(512),
    reset_password_key CHAR(512),
    registration_id CHAR(512),
    term CHAR(512),
    image CHAR(512),
    major CHAR(512),
    second_major CHAR(512),
    minor CHAR(512),
    show_email CHAR(1)
);
success!
timestamp: 2016-03-07T11:18:15.040000
CREATE TABLE auth_group(
    id INTEGER PRIMARY KEY AUTOINCREMENT,
    role CHAR(512),
    description TEXT
);
success!
timestamp: 2016-03-07T11:18:15.289000
CREATE TABLE auth_membership(
    id INTEGER PRIMARY KEY AUTOINCREMENT,
    user_id INTEGER REFERENCES auth_user (id) ON DELETE CASCADE  ,
    group_id INTEGER REFERENCES auth_group (id) ON DELETE CASCADE  
);
success!
timestamp: 2016-03-07T11:18:15.401000
CREATE TABLE auth_permission(
    id INTEGER PRIMARY KEY AUTOINCREMENT,
    group_id INTEGER REFERENCES auth_group (id) ON DELETE CASCADE  ,
    name CHAR(512),
    table_name CHAR(512),
    record_id INTEGER
);
success!
timestamp: 2016-03-07T11:18:15.546000
CREATE TABLE auth_event(
    id INTEGER PRIMARY KEY AUTOINCREMENT,
    time_stamp TIMESTAMP,
    client_ip CHAR(512),
    user_id INTEGER REFERENCES auth_user (id) ON DELETE CASCADE  ,
    origin CHAR(512),
    description TEXT
);
success!
timestamp: 2016-03-07T11:18:15.659000
CREATE TABLE auth_cas(
    id INTEGER PRIMARY KEY AUTOINCREMENT,
    user_id INTEGER REFERENCES auth_user (id) ON DELETE CASCADE  ,
    created_on TIMESTAMP,
    service CHAR(512),
    ticket CHAR(512),
    renew CHAR(1)
);
success!
timestamp: 2016-03-07T11:18:15.780000
CREATE TABLE department(
    id INTEGER PRIMARY KEY AUTOINCREMENT,
    name CHAR(512) UNIQUE,
    short_name CHAR(512) UNIQUE
);
success!
timestamp: 2016-03-07T11:18:15.893000
CREATE TABLE course(
    id INTEGER PRIMARY KEY AUTOINCREMENT,
    department_id INTEGER REFERENCES department (id) ON DELETE CASCADE  ,
    course_num CHAR(512),
    name CHAR(512) UNIQUE,
    description TEXT
);
success!
timestamp: 2016-03-07T11:18:15.994000
CREATE TABLE professor(
    id INTEGER PRIMARY KEY AUTOINCREMENT,
    first_name CHAR(512),
    last_name CHAR(512),
    image CHAR(512),
    department_id INTEGER REFERENCES department (id) ON DELETE CASCADE  ,
    saltiness DOUBLE,
    user_id INTEGER REFERENCES auth_user (id) ON DELETE CASCADE  ,
    datetime TIMESTAMP
);
success!
timestamp: 2016-03-07T11:18:16.111000
CREATE TABLE ucscClass(
    id INTEGER PRIMARY KEY AUTOINCREMENT,
    course_id INTEGER REFERENCES course (id) ON DELETE CASCADE  ,
    syllabus TEXT,
    quarter CHAR(512),
    yr INTEGER,
    term CHAR(512),
    difficulty DOUBLE,
    enjoyment DOUBLE,
    textbook_ids TEXT,
    professor_id INTEGER REFERENCES professor (id) ON DELETE CASCADE  ,
    user_id INTEGER REFERENCES auth_user (id) ON DELETE CASCADE  ,
    datetime TIMESTAMP
);
success!
timestamp: 2016-03-07T11:18:16.244000
CREATE TABLE classReview(
    id INTEGER PRIMARY KEY AUTOINCREMENT,
    user_id INTEGER REFERENCES auth_user (id) ON DELETE CASCADE  ,
    ucscClass_id INTEGER REFERENCES ucscClass (id) ON DELETE CASCADE  ,
    professor_id INTEGER REFERENCES professor (id) ON DELETE CASCADE  ,
    body TEXT,
    quarter CHAR(512),
    yr CHAR(512),
    difficulty DOUBLE,
    enjoyment DOUBLE,
    grade CHAR(512),
    datetime TIMESTAMP
);
success!
timestamp: 2016-03-07T11:18:16.376000
CREATE TABLE post(
    id INTEGER PRIMARY KEY AUTOINCREMENT,
    ucscClass_id INTEGER REFERENCES ucscClass (id) ON DELETE CASCADE  ,
    user_id INTEGER REFERENCES auth_user (id) ON DELETE CASCADE  ,
    title CHAR(512) NOT NULL,
    forumSection CHAR(512),
    body TEXT NOT NULL,
    price INTEGER,
    status CHAR(1),
    datetime TIMESTAMP,
    update_time TIMESTAMP,
    image CHAR(512)
);
success!
timestamp: 2016-03-07T11:18:16.513000
CREATE TABLE comm(
    id INTEGER PRIMARY KEY AUTOINCREMENT,
    user_id INTEGER REFERENCES auth_user (id) ON DELETE CASCADE  ,
    post_id INTEGER REFERENCES post (id) ON DELETE CASCADE  ,
    body TEXT,
    datetime TIMESTAMP
);
success!
timestamp: 2016-03-07T11:18:16.640000
CREATE TABLE forumCommReply(
    id INTEGER PRIMARY KEY AUTOINCREMENT,
    user_id INTEGER REFERENCES auth_user (id) ON DELETE CASCADE  ,
    comm_id INTEGER REFERENCES comm (id) ON DELETE CASCADE  ,
    datetime TIMESTAMP,
    body TEXT
);
success!
timestamp: 2016-03-07T11:18:16.788000
CREATE TABLE studentGrade(
    id INTEGER PRIMARY KEY AUTOINCREMENT,
    user_id INTEGER REFERENCES auth_user (id) ON DELETE CASCADE  ,
    grade TEXT,
    ucscClass_id INTEGER REFERENCES ucscClass (id) ON DELETE CASCADE  ,
    datetime TIMESTAMP
);
success!
timestamp: 2016-03-07T11:18:16.962000
CREATE TABLE profReview(
    id INTEGER PRIMARY KEY AUTOINCREMENT,
    professor_id INTEGER REFERENCES professor (id) ON DELETE CASCADE  ,
    user_id INTEGER REFERENCES auth_user (id) ON DELETE CASCADE  ,
    course_id INTEGER REFERENCES course (id) ON DELETE CASCADE  ,
    quarter CHAR(512),
    yr CHAR(512),
    review TEXT,
    helpfulness CHAR(512),
    clarity CHAR(512),
    easiness CHAR(512),
    rating DOUBLE,
    datetime TIMESTAMP
);
success!
timestamp: 2016-03-07T11:18:17.164000
CREATE TABLE note(
    id INTEGER PRIMARY KEY AUTOINCREMENT,
    title CHAR(512),
    notefile CHAR(512),
    notetype CHAR(512),
    user_id INTEGER REFERENCES auth_user (id) ON DELETE CASCADE  ,
    course_id INTEGER REFERENCES course (id) ON DELETE CASCADE  ,
    datetime TIMESTAMP
);
success!
timestamp: 2016-03-07T11:18:17.330000
CREATE TABLE textbook(
    id INTEGER PRIMARY KEY AUTOINCREMENT,
    title CHAR(512),
    author TEXT,
    publication_year INTEGER,
    isbn INTEGER UNIQUE
);
success!
timestamp: 2016-03-07T11:18:17.485000
CREATE TABLE courseTopic(
    id INTEGER PRIMARY KEY AUTOINCREMENT,
    board_id INTEGER REFERENCES course (id) ON DELETE CASCADE  ,
    title CHAR(512),
    quarter CHAR(512),
    yr INTEGER,
    op INTEGER REFERENCES auth_user (id) ON DELETE CASCADE  ,
    datePosted TIMESTAMP,
    body TEXT,
    replies INTEGER
);
success!
timestamp: 2016-03-07T11:18:17.661000
CREATE TABLE courseReply(
    id INTEGER PRIMARY KEY AUTOINCREMENT,
    topic_id INTEGER REFERENCES courseTopic (id) ON DELETE CASCADE  ,
    op INTEGER REFERENCES auth_user (id) ON DELETE CASCADE  ,
    replyOp INTEGER REFERENCES auth_user (id) ON DELETE CASCADE  ,
    datePosted TIMESTAMP,
    body TEXT
);
success!
timestamp: 2016-03-07T11:18:17.819000
CREATE TABLE courseTopicReply(
    id INTEGER PRIMARY KEY AUTOINCREMENT,
    topic_id INTEGER REFERENCES courseReply (id) ON DELETE CASCADE  ,
    replyOp INTEGER REFERENCES auth_user (id) ON DELETE CASCADE  ,
    datePosted TIMESTAMP,
    body TEXT
);
success!
timestamp: 2016-03-07T11:18:17.959000
CREATE TABLE conversation(
    id INTEGER PRIMARY KEY AUTOINCREMENT,
    user1 INTEGER REFERENCES auth_user (id) ON DELETE CASCADE  ,
    user2 INTEGER REFERENCES auth_user (id) ON DELETE CASCADE  
);
success!
timestamp: 2016-03-07T11:18:18.093000
CREATE TABLE privateMessage(
    id INTEGER PRIMARY KEY AUTOINCREMENT,
    conversation_id INTEGER REFERENCES conversation (id) ON DELETE CASCADE  ,
    sender_id INTEGER REFERENCES auth_user (id) ON DELETE CASCADE  ,
    recipient_id INTEGER REFERENCES auth_user (id) ON DELETE CASCADE  ,
    posted_on TIMESTAMP,
    body TEXT
);
success!
timestamp: 2016-03-07T11:18:18.226000
CREATE TABLE forumImage(
    id INTEGER PRIMARY KEY AUTOINCREMENT,
    post_id INTEGER REFERENCES post (id) ON DELETE CASCADE  ,
    title CHAR(512),
    image CHAR(512)
);
success!
timestamp: 2016-03-07T11:18:18.372000
CREATE TABLE forumVideo(
    id INTEGER PRIMARY KEY AUTOINCREMENT,
    post_id INTEGER REFERENCES post (id) ON DELETE CASCADE  ,
    title CHAR(512),
    video CHAR(512)
);
success!
